<?xml version="1.0" encoding="UTF-8"?>
<!-- Generated by org.testng.reporters.JUnitReportReporter -->
<testsuite name="org.sunbird.testscripts.Admin_TC05" tests="1" time="0.004" ignored="0" failures="0" timestamp="09 Aug 2018 02:40:52 GMT" skipped="1" hostname="ubuntu" errors="0">
  <testcase name="rootUsersProviderAndExtIDtestCase05" time="0.004" classname="org.sunbird.testscripts.Admin_TC05">
    <skipped/>
  </testcase> <!-- rootUsersProviderAndExtIDtestCase05 -->
</testsuite> <!-- org.sunbird.testscripts.Admin_TC05 -->
