<?xml version="1.0" encoding="UTF-8"?>
<!-- Generated by org.testng.reporters.JUnitXMLReporter -->
<testsuite hostname="QUALITRIX-PC" ignored="3" name="Test(failed)" tests="6" failures="0" timestamp="17 Jul 2018 12:56:54 GMT" time="307.286" errors="0">
  <testcase name="uploadRootOrgTestCase01" time="37.233" classname="org.open_sunbird.staging.testscripts.Admin_TC01"/>
  <testcase name="rootOrgUsersTestCase03" time="36.493" classname="org.open_sunbird.staging.testscripts.Admin_TC03"/>
  <testcase name="uploadSubOrgTestCase02" time="33.473" classname="org.open_sunbird.staging.testscripts.Admin_TC02"/>
  <testcase name="subOrgUsersTestCase04" time="35.382" classname="org.open_sunbird.staging.testscripts.Admin_TC04"/>
  <testcase name="rootUsersProviderAndExtIDtestCase05" time="50.772" classname="org.open_sunbird.staging.testscripts.Admin_TC05"/>
  <testcase name="subOrgUsersProviderAndExtIdtestCase06" time="53.241" classname="org.open_sunbird.staging.testscripts.Admin_TC06"/>
  <testcase name="adminDashboardTestCase07" time="0.0" classname="org.open_sunbird.staging.testscripts.Admin_TC07">
    <ignored/>
  </testcase> <!-- adminDashboardTestCase07 -->
  <testcase name="adminConsumptionAndCsvTestCase09_11" time="0.0" classname="org.open_sunbird.staging.testscripts.Admin_TC09_11">
    <ignored/>
  </testcase> <!-- adminConsumptionAndCsvTestCase09_11 -->
  <testcase name="adminCreationAndCsvTestCaseTC08_10" time="0.0" classname="org.open_sunbird.staging.testscripts.Admin_TC08_10">
    <ignored/>
  </testcase> <!-- adminCreationAndCsvTestCaseTC08_10 -->
</testsuite> <!-- Test(failed) -->
